<?xml version="1.0" encoding="UTF-8"?>
<!-- Generated by org.testng.reporters.JUnitReportReporter -->
<testsuite hostname="LAPTOP-64B6IR7R" name="com.narayan.Testng.AnnotationTest1" tests="2" failures="0" timestamp="28 May 2020 02:19:45 GMT" time="0.002" errors="0">
  <testcase name="Method4" time="0.001" classname="com.narayan.Testng.AnnotationTest1"/>
  <testcase name="Method3" time="0.001" classname="com.narayan.Testng.AnnotationTest1"/>
</testsuite> <!-- com.narayan.Testng.AnnotationTest1 -->
