<?xml version="1.0" encoding="UTF-8"?>
<!-- Generated by org.testng.reporters.JUnitReportReporter -->
<testsuite hostname="LAPTOP-64B6IR7R" name="com.narayan.Testng.SampleTest" tests="4" failures="0" timestamp="26 May 2020 03:26:52 GMT" time="0.019" errors="0">
  <testcase name="appLogout" time="0.000" classname="com.narayan.Testng.SampleTest"/>
  <testcase name="appClose" time="0.017" classname="com.narayan.Testng.SampleTest"/>
  <testcase name="appLogin" time="0.001" classname="com.narayan.Testng.SampleTest"/>
  <testcase name="appLaunch" time="0.001" classname="com.narayan.Testng.SampleTest"/>
</testsuite> <!-- com.narayan.Testng.SampleTest -->
