<?xml version="1.0" encoding="UTF-8"?>
<!-- Generated by org.testng.reporters.JUnitReportReporter -->
<testsuite hostname="LAPTOP-64B6IR7R" name="com.narayan.Testng.EmpCreation" tests="1" failures="0" timestamp="29 May 2020 15:36:10 GMT" time="8.605" errors="0">
  <testcase name="EmpCreation" time="8.605" classname="com.narayan.Testng.EmpCreation"/>
</testsuite> <!-- com.narayan.Testng.EmpCreation -->
