<?xml version="1.0" encoding="UTF-8"?>
<!-- Generated by org.testng.reporters.JUnitReportReporter -->
<testsuite hostname="LAPTOP-64B6IR7R" name="com.narayan.Testng.AnnotationTest" tests="2" failures="0" timestamp="28 May 2020 02:28:35 GMT" time="0.007" errors="0">
  <testcase name="Method2" time="0.002" classname="com.narayan.Testng.AnnotationTest"/>
  <testcase name="Method1" time="0.005" classname="com.narayan.Testng.AnnotationTest"/>
</testsuite> <!-- com.narayan.Testng.AnnotationTest -->
