<?xml version="1.0" encoding="UTF-8"?>
<!-- Generated by org.testng.reporters.JUnitReportReporter -->
<testsuite hostname="LAPTOP-64B6IR7R" name="com.narayan.Testng.AdminLoginTest" tests="1" failures="0" timestamp="28 May 2020 02:19:45 GMT" time="8.432" errors="0">
  <testcase name="adminLogin" time="8.432" classname="com.narayan.Testng.AdminLoginTest"/>
</testsuite> <!-- com.narayan.Testng.AdminLoginTest -->
